Change Component Designator: Old Designator=* New Designator=*500
Change Component Designator: Old Designator=* New Designator=*501
Change Component Designator: Old Designator=C20 New Designator=C500
Change Component Designator: Old Designator=C21 New Designator=C502
Change Component Designator: Old Designator=C22 New Designator=C503
Change Component Designator: Old Designator=C23 New Designator=C504
Change Component Designator: Old Designator=C24 New Designator=C505
Change Component Designator: Old Designator=C301 New Designator=C501
Change Component Designator: Old Designator=D? New Designator=D500
Change Component Designator: Old Designator=D? New Designator=D501
Change Component Designator: Old Designator=D? New Designator=D502
Change Component Designator: Old Designator=D? New Designator=D503
Change Component Designator: Old Designator=J304 New Designator=J500
Change Component Designator: Old Designator=J304 New Designator=J501
Change Component Designator: Old Designator=J304 New Designator=J502
Change Component Designator: Old Designator=J304 New Designator=J503
Change Component Designator: Old Designator=R19 New Designator=R500
Change Component Designator: Old Designator=R20 New Designator=R501
Change Component Designator: Old Designator=R21 New Designator=R502
Change Component Designator: Old Designator=R22 New Designator=R503
Change Component Designator: Old Designator=R23 New Designator=R504
Change Component Designator: Old Designator=R24 New Designator=R505
Change Component Designator: Old Designator=R25 New Designator=R506
Change Component Designator: Old Designator=R26 New Designator=R507
Change Component Designator: Old Designator=R27 New Designator=R508
Change Component Designator: Old Designator=R28 New Designator=R509
Change Component Designator: Old Designator=R29 New Designator=R510
Change Component Designator: Old Designator=R30 New Designator=R513
Change Component Designator: Old Designator=R31 New Designator=R514
Change Component Designator: Old Designator=R32 New Designator=R515
Change Component Designator: Old Designator=R33 New Designator=R516
Change Component Designator: Old Designator=R34 New Designator=R519
Change Component Designator: Old Designator=R35 New Designator=R520
Change Component Designator: Old Designator=R36 New Designator=R521
Change Component Designator: Old Designator=R37 New Designator=R522
Change Component Designator: Old Designator=R38 New Designator=R523
Change Component Designator: Old Designator=R? New Designator=R511
Change Component Designator: Old Designator=R? New Designator=R512
Change Component Designator: Old Designator=R? New Designator=R517
Change Component Designator: Old Designator=R? New Designator=R518
Change Component Designator: Old Designator=U5 New Designator=U500
Change Component Designator: Old Designator=U6 New Designator=U501
