Removed Member From Class: ClassName=3_3V3LDO Member=C501
Added Component: Designator=J700(MOLEX_532590229)
Added Component: Designator=J701(MOLEX_532590229)
Added Component: Designator=J702(MOLEX_532590229)
Added Component: Designator=J703(MOLEX_532590229)
Added Pin To Net: NetName=5V_BUCK_LOAD Pin=J700-1
Added Pin To Net: NetName=GND Pin=J700-2
Added Pin To Net: NetName=5V_LDO_LOAD Pin=J701-1
Added Pin To Net: NetName=GND Pin=J701-2
Added Pin To Net: NetName=3V3_LDO_LOAD Pin=J702-1
Added Pin To Net: NetName=GND Pin=J702-2
Added Pin To Net: NetName=VIN Pin=J703-1
Added Pin To Net: NetName=GND Pin=J703-2
Added Member To Class: ClassName=3_3V3LDO Member=Component C301 GRM188R61E106KA73D
Added Member To Class: ClassName=6_Auxilaries Member=Component D601 0603 Blue
Added Member To Class: ClassName=6_Auxilaries Member=Component H603 M3 not plated
Added Member To Class: ClassName=7_Peripherals Member=Component J700 05325-90229
Added Member To Class: ClassName=7_Peripherals Member=Component J701 05325-90229
Added Member To Class: ClassName=7_Peripherals Member=Component J702 05325-90229
Added Member To Class: ClassName=7_Peripherals Member=Component J703 05325-90229
Added Member To Class: ClassName=6_Auxilaries Member=Component R604 ERJ3GEYJ103V
