Change Component Designator: Old Designator=C6 New Designator=C204
Change Component Designator: Old Designator=C7 New Designator=C201
Change Component Designator: Old Designator=C8 New Designator=C205
Change Component Designator: Old Designator=C9 New Designator=C210
Change Component Designator: Old Designator=C10 New Designator=C206
Change Component Designator: Old Designator=C11 New Designator=C211
Change Component Designator: Old Designator=C12 New Designator=C207
Change Component Designator: Old Designator=C13 New Designator=C208
Change Component Designator: Old Designator=C14 New Designator=C209
Change Component Designator: Old Designator=C15 New Designator=C202
Change Component Designator: Old Designator=C16 New Designator=C212
Change Component Designator: Old Designator=C17 New Designator=C203
Change Component Designator: Old Designator=C18 New Designator=C200
Change Component Designator: Old Designator=D4 New Designator=D200
Change Component Designator: Old Designator=D5 New Designator=D201
Change Component Designator: Old Designator=D6 New Designator=D202
Change Component Designator: Old Designator=L1 New Designator=L200
Change Component Designator: Old Designator=R6 New Designator=R205
Change Component Designator: Old Designator=R7 New Designator=R203
Change Component Designator: Old Designator=R8 New Designator=R200
Change Component Designator: Old Designator=R9 New Designator=R204
Change Component Designator: Old Designator=R10 New Designator=R201
Change Component Designator: Old Designator=R12 New Designator=R202
Change Component Designator: Old Designator=U3 New Designator=U200
