Added Component: Designator=*(3-PIN SELECTION CIRCUIT)
Added Component: Designator=*(3-PIN SELECTION CIRCUIT)
Added Component: Designator=C1(CAP_0603)
Added Component: Designator=C2(CAP_0603)
Added Component: Designator=C3(CAP_0603)
Added Component: Designator=C4(CAP_0603)
Added Component: Designator=C5(CAP_0603)
Added Component: Designator=C6(CAP_0805)
Added Component: Designator=C7(CAP_0603)
Added Component: Designator=C8(CAP_0805)
Added Component: Designator=C9(CAP_0805)
Added Component: Designator=C10(CAP_0805)
Added Component: Designator=C11(CAP_0805)
Added Component: Designator=C12(CAP_0603)
Added Component: Designator=C13(CAP_0805)
Added Component: Designator=C14(CAP_0805)
Added Component: Designator=C15(CAP_0805)
Added Component: Designator=C16(CAP_0805)
Added Component: Designator=C17(CAP_0603)
Added Component: Designator=C18(CAP_0603)
Added Component: Designator=C19(CAP_0603)
Added Component: Designator=C20(CAP_0603)
Added Component: Designator=C21(CAP_0603)
Added Component: Designator=C22(CAP_0603)
Added Component: Designator=C23(CAP_0603)
Added Component: Designator=C24(CAP_0603)
Added Component: Designator=C301(CAP_0603)
Added Component: Designator=D3(DIODE_DO-214AC)
Added Component: Designator=D4(DIODE_SOD-128)
Added Component: Designator=D5(DIODE_DO-214AC)
Added Component: Designator=D6(0603_LED_S1)
Added Component: Designator=D8(DIODE_DO-214AC)
Added Component: Designator=D9(DIODE_SOD-123)
Added Component: Designator=D10(DIODE_DO-214AC)
Added Component: Designator=D11(DIODE_DO-214AC)
Added Component: Designator=D601(0603_LED_S1)
Added Component: Designator=D601(0603_LED_S1)
Added Component: Designator=D601(0603_LED_S1)
Added Component: Designator=D601(0603_LED_S1)
Added Component: Designator=H601(M3 not plated)
Added Component: Designator=H602(M3 not plated)
Added Component: Designator=H603(M3 plated)
Added Component: Designator=H604(M3 not plated)
Added Component: Designator=J5(MOLEX_43045-0200)
Added Component: Designator=J304(KEYSTONE_5002)
Added Component: Designator=J304(KEYSTONE_5002)
Added Component: Designator=J304(KEYSTONE_5002)
Added Component: Designator=J304(KEYSTONE_5002)
Added Component: Designator=L1(IND_TDK_CLF12577NIT)
Added Component: Designator=Q1(MOSFET_SOIC-8)
Added Component: Designator=Q2(MOSFET_SOIC-8)
Added Component: Designator=R1(RES_0603)
Added Component: Designator=R2(RES_0603)
Added Component: Designator=R3(RES_0603)
Added Component: Designator=R4(RES_0603)
Added Component: Designator=R5(RES_0603)
Added Component: Designator=R6(RES_0603)
Added Component: Designator=R7(RES_0603)
Added Component: Designator=R8(RES_0603)
Added Component: Designator=R9(RES_0603)
Added Component: Designator=R10(RES_0603)
Added Component: Designator=R11(RES_0603)
Added Component: Designator=R12(RES_0603)
Added Component: Designator=R13(RES_0603)
Added Component: Designator=R14(RES_0603)
Added Component: Designator=R15(RES_0603)
Added Component: Designator=R16(RES_0603)
Added Component: Designator=R17(RES_0603)
Added Component: Designator=R18(RES_0603)
Added Component: Designator=R19(RES_0805)
Added Component: Designator=R20(RES_0603)
Added Component: Designator=R21(RES_0603)
Added Component: Designator=R22(RES_0603)
Added Component: Designator=R23(RES_0603)
Added Component: Designator=R24(RES_0805)
Added Component: Designator=R25(RES_0603)
Added Component: Designator=R26(RES_0603)
Added Component: Designator=R27(RES_0603)
Added Component: Designator=R28(RES_0603)
Added Component: Designator=R29(RES_0603)
Added Component: Designator=R30(RES_0805)
Added Component: Designator=R31(RES_0603)
Added Component: Designator=R32(RES_0603)
Added Component: Designator=R33(RES_0603)
Added Component: Designator=R34(RES_0805)
Added Component: Designator=R35(RES_0603)
Added Component: Designator=R36(RES_0603)
Added Component: Designator=R37(RES_0603)
Added Component: Designator=R38(RES_0603)
Added Component: Designator=R39(RES_0603)
Added Component: Designator=R40(RES_0603)
Added Component: Designator=R41(RES_0603)
Added Component: Designator=R53(RES_0603)
Added Component: Designator=R57(RES_0603)
Added Component: Designator=R74(RES_0603)
Added Component: Designator=R77(RES_0603)
Added Component: Designator=R604(RES_0603)
Added Component: Designator=R605(RES_0603)
Added Component: Designator=U5(ADC-TSSOP-16)
Added Pin To Net: NetName=3V3_LDO_LOAD Pin=R29-1
Added Pin To Net: NetName=3V3_LDO_LOAD Pin=R30-2
Added Net: Name=3V3_LDO_LOAD
Added Pin To Net: NetName=3V3_LDO Pin=*-3
Added Pin To Net: NetName=3V3_LDO Pin=*-3
Added Pin To Net: NetName=3V3_LDO Pin=C1-2
Added Pin To Net: NetName=3V3_LDO Pin=C2-2
Added Pin To Net: NetName=3V3_LDO Pin=C20-1
Added Pin To Net: NetName=3V3_LDO Pin=C301-1
Added Pin To Net: NetName=3V3_LDO Pin=D10-1
Added Pin To Net: NetName=3V3_LDO Pin=R3-2
Added Pin To Net: NetName=3V3_LDO Pin=R30-1
Added Pin To Net: NetName=3V3_LDO Pin=R31-1
Added Pin To Net: NetName=3V3_LDO Pin=R604-1
Added Pin To Net: NetName=3V3_LDO Pin=U5-10
Added Pin To Net: NetName=3V3_LDO Pin=U5-16
Added Net: Name=3V3_LDO
Added Pin To Net: NetName=5V_BUCK_LOAD Pin=R19-2
Added Pin To Net: NetName=5V_BUCK_LOAD Pin=R20-1
Added Net: Name=5V_BUCK_LOAD
Added Pin To Net: NetName=5V_BUCK Pin=C3-1
Added Pin To Net: NetName=5V_BUCK Pin=C8-2
Added Pin To Net: NetName=5V_BUCK Pin=C9-2
Added Pin To Net: NetName=5V_BUCK Pin=C10-2
Added Pin To Net: NetName=5V_BUCK Pin=C11-2
Added Pin To Net: NetName=5V_BUCK Pin=C12-2
Added Pin To Net: NetName=5V_BUCK Pin=C13-2
Added Pin To Net: NetName=5V_BUCK Pin=C14-2
Added Pin To Net: NetName=5V_BUCK Pin=C15-2
Added Pin To Net: NetName=5V_BUCK Pin=C16-2
Added Pin To Net: NetName=5V_BUCK Pin=C17-2
Added Pin To Net: NetName=5V_BUCK Pin=C19-1
Added Pin To Net: NetName=5V_BUCK Pin=D5-1
Added Pin To Net: NetName=5V_BUCK Pin=L1-2
Added Pin To Net: NetName=5V_BUCK Pin=R4-2
Added Pin To Net: NetName=5V_BUCK Pin=R10-2
Added Pin To Net: NetName=5V_BUCK Pin=R12-2
Added Pin To Net: NetName=5V_BUCK Pin=R15-2
Added Pin To Net: NetName=5V_BUCK Pin=R19-1
Added Pin To Net: NetName=5V_BUCK Pin=R21-1
Added Pin To Net: NetName=5V_BUCK Pin=R40-1
Added Net: Name=5V_BUCK
Added Pin To Net: NetName=5V_LDO_LOAD Pin=R24-2
Added Pin To Net: NetName=5V_LDO_LOAD Pin=R25-1
Added Net: Name=5V_LDO_LOAD
Added Pin To Net: NetName=5V_LDO Pin=C4-2
Added Pin To Net: NetName=5V_LDO Pin=C5-2
Added Pin To Net: NetName=5V_LDO Pin=D11-1
Added Pin To Net: NetName=5V_LDO Pin=R14-2
Added Pin To Net: NetName=5V_LDO Pin=R24-1
Added Pin To Net: NetName=5V_LDO Pin=R26-1
Added Pin To Net: NetName=5V_LDO Pin=R41-1
Added Net: Name=5V_LDO
Added Pin To Net: NetName=GND Pin=*-1
Added Pin To Net: NetName=GND Pin=*-1
Added Pin To Net: NetName=GND Pin=C1-1
Added Pin To Net: NetName=GND Pin=C2-1
Added Pin To Net: NetName=GND Pin=C3-2
Added Pin To Net: NetName=GND Pin=C4-1
Added Pin To Net: NetName=GND Pin=C5-1
Added Pin To Net: NetName=GND Pin=C6-1
Added Pin To Net: NetName=GND Pin=C7-1
Added Pin To Net: NetName=GND Pin=C8-1
Added Pin To Net: NetName=GND Pin=C9-1
Added Pin To Net: NetName=GND Pin=C10-1
Added Pin To Net: NetName=GND Pin=C11-1
Added Pin To Net: NetName=GND Pin=C12-1
Added Pin To Net: NetName=GND Pin=C13-1
Added Pin To Net: NetName=GND Pin=C14-1
Added Pin To Net: NetName=GND Pin=C15-1
Added Pin To Net: NetName=GND Pin=C16-1
Added Pin To Net: NetName=GND Pin=C17-1
Added Pin To Net: NetName=GND Pin=C19-2
Added Pin To Net: NetName=GND Pin=C20-2
Added Pin To Net: NetName=GND Pin=C21-2
Added Pin To Net: NetName=GND Pin=C22-2
Added Pin To Net: NetName=GND Pin=C23-2
Added Pin To Net: NetName=GND Pin=C24-2
Added Pin To Net: NetName=GND Pin=C301-2
Added Pin To Net: NetName=GND Pin=D3-2
Added Pin To Net: NetName=GND Pin=D4-2
Added Pin To Net: NetName=GND Pin=D4-2
Added Pin To Net: NetName=GND Pin=D5-2
Added Pin To Net: NetName=GND Pin=D6-K
Added Pin To Net: NetName=GND Pin=D8-2
Added Pin To Net: NetName=GND Pin=D10-2
Added Pin To Net: NetName=GND Pin=D11-2
Added Pin To Net: NetName=GND Pin=D601-K
Added Pin To Net: NetName=GND Pin=D601-K
Added Pin To Net: NetName=GND Pin=D601-K
Added Pin To Net: NetName=GND Pin=D601-K
Added Pin To Net: NetName=GND Pin=R2-1
Added Pin To Net: NetName=GND Pin=R6-1
Added Pin To Net: NetName=GND Pin=R9-1
Added Pin To Net: NetName=GND Pin=R11-1
Added Pin To Net: NetName=GND Pin=R13-1
Added Pin To Net: NetName=GND Pin=R17-1
Added Pin To Net: NetName=GND Pin=R18-1
Added Pin To Net: NetName=GND Pin=R22-1
Added Pin To Net: NetName=GND Pin=R27-1
Added Pin To Net: NetName=GND Pin=R32-1
Added Pin To Net: NetName=GND Pin=R37-1
Added Pin To Net: NetName=GND Pin=R605-2
Added Pin To Net: NetName=GND Pin=U5-9
Added Pin To Net: NetName=GND Pin=U5-11
Added Net: Name=GND
Added Pin To Net: NetName=Net*_2 Pin=*-2
Added Pin To Net: NetName=Net*_2 Pin=U5-13
Added Net: Name=Net*_2
Added Pin To Net: NetName=NetC18_1 Pin=C18-1
Added Net: Name=NetC18_1
Added Pin To Net: NetName=NetC18_2 Pin=C18-2
Added Pin To Net: NetName=NetC18_2 Pin=D4-1
Added Pin To Net: NetName=NetC18_2 Pin=L1-1
Added Net: Name=NetC18_2
Added Pin To Net: NetName=NetC21_1 Pin=C21-1
Added Pin To Net: NetName=NetC21_1 Pin=J304-1
Added Pin To Net: NetName=NetC21_1 Pin=R53-1
Added Net: Name=NetC21_1
Added Pin To Net: NetName=NetC22_1 Pin=C22-1
Added Pin To Net: NetName=NetC22_1 Pin=J304-1
Added Pin To Net: NetName=NetC22_1 Pin=R57-1
Added Net: Name=NetC22_1
Added Pin To Net: NetName=NetC23_1 Pin=C23-1
Added Pin To Net: NetName=NetC23_1 Pin=J304-1
Added Pin To Net: NetName=NetC23_1 Pin=R74-1
Added Net: Name=NetC23_1
Added Pin To Net: NetName=NetC24_1 Pin=C24-1
Added Pin To Net: NetName=NetC24_1 Pin=J304-1
Added Pin To Net: NetName=NetC24_1 Pin=R77-1
Added Net: Name=NetC24_1
Added Pin To Net: NetName=NetD1_1 Pin=R23-2
Added Pin To Net: NetName=NetD1_1 Pin=R53-2
Added Net: Name=NetD1_1
Added Pin To Net: NetName=NetD2_1 Pin=R33-2
Added Pin To Net: NetName=NetD2_1 Pin=R57-2
Added Net: Name=NetD2_1
Added Pin To Net: NetName=NetD4_1 Pin=D4-1
Added Pin To Net: NetName=NetD4_1 Pin=R28-2
Added Pin To Net: NetName=NetD4_1 Pin=R74-2
Added Net: Name=NetD4_1
Added Pin To Net: NetName=NetD6_A Pin=D6-A
Added Pin To Net: NetName=NetD6_A Pin=R12-1
Added Net: Name=NetD6_A
Added Pin To Net: NetName=NetD7_1 Pin=R38-2
Added Pin To Net: NetName=NetD7_1 Pin=R77-2
Added Net: Name=NetD7_1
Added Pin To Net: NetName=NetD9_1 Pin=D9-1
Added Pin To Net: NetName=NetD9_1 Pin=Q1-1
Added Pin To Net: NetName=NetD9_1 Pin=Q1-2
Added Pin To Net: NetName=NetD9_1 Pin=Q1-3
Added Pin To Net: NetName=NetD9_1 Pin=Q2-1
Added Pin To Net: NetName=NetD9_1 Pin=Q2-2
Added Pin To Net: NetName=NetD9_1 Pin=Q2-3
Added Pin To Net: NetName=NetD9_1 Pin=R1-1
Added Net: Name=NetD9_1
Added Pin To Net: NetName=NetD9_2 Pin=D9-2
Added Pin To Net: NetName=NetD9_2 Pin=Q1-4
Added Pin To Net: NetName=NetD9_2 Pin=R2-2
Added Net: Name=NetD9_2
Added Pin To Net: NetName=NetD601_A Pin=D601-A
Added Pin To Net: NetName=NetD601_A Pin=R604-2
Added Net: Name=NetD601_A
Added Pin To Net: NetName=NetH603_1 Pin=H603-1
Added Pin To Net: NetName=NetH603_1 Pin=R605-1
Added Net: Name=NetH603_1
Added Pin To Net: NetName=NetJ5_1 Pin=J5-1
Added Pin To Net: NetName=NetJ5_1 Pin=U5-14
Added Net: Name=NetJ5_1
Added Pin To Net: NetName=NetJ5_2 Pin=J5-2
Added Pin To Net: NetName=NetJ5_2 Pin=U5-15
Added Net: Name=NetJ5_2
Added Pin To Net: NetName=NetQ2_4 Pin=Q2-4
Added Net: Name=NetQ2_4
Added Pin To Net: NetName=NetR1_2 Pin=R1-2
Added Net: Name=NetR1_2
Added Pin To Net: NetName=NetR3_1 Pin=R3-1
Added Pin To Net: NetName=NetR3_1 Pin=R11-2
Added Net: Name=NetR3_1
Added Pin To Net: NetName=NetR4_1 Pin=R4-1
Added Pin To Net: NetName=NetR4_1 Pin=R5-1
Added Net: Name=NetR4_1
Added Pin To Net: NetName=NetR5_2 Pin=R5-2
Added Pin To Net: NetName=NetR5_2 Pin=R13-2
Added Net: Name=NetR5_2
Added Pin To Net: NetName=NetR6_2 Pin=R6-2
Added Pin To Net: NetName=NetR6_2 Pin=R7-1
Added Pin To Net: NetName=NetR6_2 Pin=R16-2
Added Pin To Net: NetName=NetR6_2 Pin=R18-2
Added Net: Name=NetR6_2
Added Pin To Net: NetName=NetR7_2 Pin=R7-2
Added Pin To Net: NetName=NetR7_2 Pin=R8-1
Added Net: Name=NetR7_2
Added Pin To Net: NetName=NetR10_1 Pin=R10-1
Added Net: Name=NetR10_1
Added Pin To Net: NetName=NetR14_1 Pin=R14-1
Added Pin To Net: NetName=NetR14_1 Pin=R17-2
Added Net: Name=NetR14_1
Added Pin To Net: NetName=NetR15_1 Pin=R15-1
Added Pin To Net: NetName=NetR15_1 Pin=R16-1
Added Net: Name=NetR15_1
Added Pin To Net: NetName=NetR20_2 Pin=R20-2
Added Net: Name=NetR20_2
Added Pin To Net: NetName=NetR21_2 Pin=R21-2
Added Pin To Net: NetName=NetR21_2 Pin=R22-2
Added Pin To Net: NetName=NetR21_2 Pin=R23-1
Added Net: Name=NetR21_2
Added Pin To Net: NetName=NetR25_2 Pin=R25-2
Added Net: Name=NetR25_2
Added Pin To Net: NetName=NetR26_2 Pin=R26-2
Added Pin To Net: NetName=NetR26_2 Pin=R27-2
Added Pin To Net: NetName=NetR26_2 Pin=R28-1
Added Net: Name=NetR26_2
Added Pin To Net: NetName=NetR29_2 Pin=R29-2
Added Net: Name=NetR29_2
Added Pin To Net: NetName=NetR31_2 Pin=R31-2
Added Pin To Net: NetName=NetR31_2 Pin=R32-2
Added Pin To Net: NetName=NetR31_2 Pin=R33-1
Added Net: Name=NetR31_2
Added Pin To Net: NetName=NetR35_2 Pin=R35-2
Added Net: Name=NetR35_2
Added Pin To Net: NetName=NetR36_2 Pin=R36-2
Added Pin To Net: NetName=NetR36_2 Pin=R37-2
Added Pin To Net: NetName=NetR36_2 Pin=R38-1
Added Net: Name=NetR36_2
Added Pin To Net: NetName=V_IN Pin=R39-1
Added Net: Name=V_IN
Added Pin To Net: NetName=VIN_CLEAN_SENSED Pin=C6-2
Added Pin To Net: NetName=VIN_CLEAN_SENSED Pin=C7-2
Added Pin To Net: NetName=VIN_CLEAN_SENSED Pin=R8-2
Added Pin To Net: NetName=VIN_CLEAN_SENSED Pin=R34-2
Added Pin To Net: NetName=VIN_CLEAN_SENSED Pin=R35-1
Added Net: Name=VIN_CLEAN_SENSED
Added Pin To Net: NetName=VIN_CLEAN Pin=D8-1
Added Pin To Net: NetName=VIN_CLEAN Pin=Q2-5
Added Pin To Net: NetName=VIN_CLEAN Pin=Q2-6
Added Pin To Net: NetName=VIN_CLEAN Pin=Q2-7
Added Pin To Net: NetName=VIN_CLEAN Pin=Q2-8
Added Pin To Net: NetName=VIN_CLEAN Pin=R34-1
Added Pin To Net: NetName=VIN_CLEAN Pin=R36-1
Added Net: Name=VIN_CLEAN
Added Pin To Net: NetName=VIN Pin=D3-1
Added Pin To Net: NetName=VIN Pin=Q1-5
Added Pin To Net: NetName=VIN Pin=Q1-6
Added Pin To Net: NetName=VIN Pin=Q1-7
Added Pin To Net: NetName=VIN Pin=Q1-8
Added Net: Name=VIN
Added Class: Name=1_InputPowerProtection
Added Class: Name=2_5VSwithcingRegulator
Added Class: Name=3_3V3LDO
Added Class: Name=4_5VLDO
Added Class: Name=5_AnalogSense
Added Class: Name=6_Auxilaries
Added Class: Name=7_Peripherals
