Removed Member From Class: ClassName=3_3V3LDO Member=C501
Added Component: Designator=U501(OPAMP_TSSOP-14)
Added Pin To Net: NetName=OPAMP_OUT0 Pin=U501-1
Added Pin To Net: NetName=NetR501_2 Pin=U501-2
Added Pin To Net: NetName=NetR502_2 Pin=U501-3
Added Pin To Net: NetName=VIN_CLEAN Pin=U501-4
Added Pin To Net: NetName=NetR507_2 Pin=U501-5
Added Pin To Net: NetName=NetR506_2 Pin=U501-6
Added Pin To Net: NetName=OPAMP_OUT1 Pin=U501-7
Added Pin To Net: NetName=OPAMP_OUT2 Pin=U501-8
Added Pin To Net: NetName=NetR510_2 Pin=U501-9
Added Pin To Net: NetName=NetR514_2 Pin=U501-10
Added Pin To Net: NetName=GND Pin=U501-11
Added Pin To Net: NetName=NetR521_2 Pin=U501-12
Added Pin To Net: NetName=NetR520_2 Pin=U501-13
Added Pin To Net: NetName=OPAMP_OUT3 Pin=U501-14
Added Member To Class: ClassName=3_3V3LDO Member=Component C301 GRM188R61E106KA73D
Added Member To Class: ClassName=6_Auxilaries Member=Component D601 0603 Blue
Added Member To Class: ClassName=6_Auxilaries Member=Component H603 M3 not plated
Added Member To Class: ClassName=6_Auxilaries Member=Component R604 ERJ3GEYJ103V
Added Member To Class: ClassName=5_AnalogSense Member=Component U501 LM2902KAVQPWR
